F23 PROG8080 Section 1
Exercise 1
 

 
Sep 23 2023  7:32PM
 
*** Question 1 ***
TermsID     TermsDescription                                   TermsDueDays
----------- -------------------------------------------------- ------------
1           Net due 10 days                                    10
2           Net due 20 days                                    20
3           Net due 30 days                                    30
4           Net due 60 days                                    60
5           Net due 90 days                                    90

(5 rows affected)

*** Question 2 ***
VendorState
-----------
AZ
CA
CT
DC
FL
IA
IL
KS
MA
MI
MN
MO
NC
NJ
NV
NY
OH
PA
TN
TX
VA
WI

(22 rows affected)

*** Question 3 ***
VendorID    VendorName                                         VendorAddress1                                     VendorAddress2                                     VendorCity                                         VendorState VendorZipCode        VendorPhone                                        VendorContactLName                                 VendorContactFName                                 DefaultTermsID DefaultAccountNo
----------- -------------------------------------------------- -------------------------------------------------- -------------------------------------------------- -------------------------------------------------- ----------- -------------------- -------------------------------------------------- -------------------------------------------------- -------------------------------------------------- -------------- ----------------
83          Ingram                                             PO Box 845361                                      NULL                                               Dallas                                             TX          75284                NULL                                               Yobani                                             Trey                                               2              541

(1 row affected)

*** Question 4 ***
InvoiceID   VendorID    InvoiceNumber                                      InvoiceDate InvoiceTotal          PaymentTotal          CreditTotal           TermsID     InvoiceDueDate PaymentDate
----------- ----------- -------------------------------------------------- ----------- --------------------- --------------------- --------------------- ----------- -------------- -----------
47          83          31359783                                           2019-12-03  1575.00               1575.00               0.00                  2           2019-12-23     2019-12-21
98          83          31361833                                           2020-01-21  579.42                0.00                  0.00                  2           2020-02-10     NULL

(2 rows affected)

*** Question 5 ***
InvoiceID   VendorID    InvoiceTotal          CreditTotal           PaymentDate
----------- ----------- --------------------- --------------------- -----------
17          123         10.00                 0.00                  2019-12-05

(1 row affected)

*** Question 6 ***
VendorID    VendorName                                         DefaultTermsID Address
----------- -------------------------------------------------- -------------- ---------------------------------------------------------------------------
123         Federal Express Corporation                        3              Memphis, TN 38101

(1 row affected)

*** Question 7 ***
VendorID    TermsID     InvoiceID   InvoiceTotal          CreditTotal           PaymentTotal          Balance Due
----------- ----------- ----------- --------------------- --------------------- --------------------- ---------------------
123         3           94          52.25                 0.00                  0.00                  52.25
123         3           99          59.97                 0.00                  0.00                  59.97
123         3           100         67.92                 0.00                  0.00                  67.92
123         3           101         30.75                 0.00                  0.00                  30.75

(4 rows affected)

*** Question 8 ***
InvoiceID   InvoiceSequence AccountNo   InvoiceLineItemAmount InvoiceLineItemDescription
----------- --------------- ----------- --------------------- ----------------------------------------------------------------------------------------------------
94          1               553         52.25                 Freight
99          1               553         59.97                 Freight
100         1               553         67.92                 Freight
101         1               553         30.75                 Freight

(4 rows affected)

*** Question 9 ***
VendorState FirstName                                          LengthOfName LowerCase                                          UpperCase                                          FirstThreeLetters LastThreeLetters TrimmedName
----------- -------------------------------------------------- ------------ -------------------------------------------------- -------------------------------------------------- ----------------- ---------------- --------------------------------------------------
FL          Kristofer                                          9            kristofer                                          KRISTOFER                                          Kri               fer              Kristofer
TX          Trey                                               4            trey                                               TREY                                               Tre               rey              Trey

(2 rows affected)

*** Question 10 ***
InvoiceNumber                                      InvoiceDate                                                                                                                                                                                                                                                      InvoiceTotal
-------------------------------------------------- ---------------------------------------------------------------------------------------------------------------------------------------------------------------------------------------------------------------------------------------------------------------- -------------
963253244                                          2020.01.08                                                                                                                                                                                                                                                       $       60.00
963253239                                          2020.01.08                                                                                                                                                                                                                                                       $      147.25

(2 rows affected)


Completion time: 2023-09-23T19:32:09.5835466-04:00
